<object-stream>
<org.drools.core.audit.WorkingMemoryLog>
  <version>6.1</version>
  <events>
    <org.drools.core.audit.event.RuleFlowLogEvent>
      <type>8</type>
      <processId>org.formation.tp3.Main</processId>
      <processName>Main</processName>
      <processInstanceId class="long">1</processInstanceId>
    </org.drools.core.audit.event.RuleFlowLogEvent>
    <org.drools.core.audit.event.RuleFlowNodeLogEvent>
      <type>24</type>
      <processId>org.formation.tp3.Main</processId>
      <processName>Main</processName>
      <processInstanceId class="long">1</processInstanceId>
      <nodeId>_1</nodeId>
      <nodeName>StartProcess</nodeName>
      <nodeInstanceId>0</nodeInstanceId>
    </org.drools.core.audit.event.RuleFlowNodeLogEvent>
    <org.drools.core.audit.event.RuleFlowNodeLogEvent>
      <type>26</type>
      <processId>org.formation.tp3.Main</processId>
      <processName>Main</processName>
      <processInstanceId class="long">1</processInstanceId>
      <nodeId>_1</nodeId>
      <nodeName>StartProcess</nodeName>
      <nodeInstanceId>0</nodeInstanceId>
    </org.drools.core.audit.event.RuleFlowNodeLogEvent>
    <org.drools.core.audit.event.RuleFlowNodeLogEvent>
      <type>24</type>
      <processId>org.formation.tp3.Main</processId>
      <processName>Main</processName>
      <processInstanceId class="long">1</processInstanceId>
      <nodeId>CallActivity_1</nodeId>
      <nodeName>Sub-Process</nodeName>
      <nodeInstanceId>1</nodeInstanceId>
    </org.drools.core.audit.event.RuleFlowNodeLogEvent>
    <org.drools.core.audit.event.RuleFlowLogEvent>
      <type>8</type>
      <processId>org.formation.tp3.Subprocess</processId>
      <processName>Subprocess</processName>
      <processInstanceId class="long">2</processInstanceId>
    </org.drools.core.audit.event.RuleFlowLogEvent>
    <org.drools.core.audit.event.RuleFlowNodeLogEvent>
      <type>24</type>
      <processId>org.formation.tp3.Subprocess</processId>
      <processName>Subprocess</processName>
      <processInstanceId class="long">2</processInstanceId>
      <nodeId>_1</nodeId>
      <nodeName>StartProcess</nodeName>
      <nodeInstanceId>0</nodeInstanceId>
    </org.drools.core.audit.event.RuleFlowNodeLogEvent>
    <org.drools.core.audit.event.RuleFlowNodeLogEvent>
      <type>26</type>
      <processId>org.formation.tp3.Subprocess</processId>
      <processName>Subprocess</processName>
      <processInstanceId class="long">2</processInstanceId>
      <nodeId>_1</nodeId>
      <nodeName>StartProcess</nodeName>
      <nodeInstanceId>0</nodeInstanceId>
    </org.drools.core.audit.event.RuleFlowNodeLogEvent>
    <org.drools.core.audit.event.RuleFlowNodeLogEvent>
      <type>24</type>
      <processId>org.formation.tp3.Subprocess</processId>
      <processName>Subprocess</processName>
      <processInstanceId class="long">2</processInstanceId>
      <nodeId>_4</nodeId>
      <nodeName>Gateway</nodeName>
      <nodeInstanceId>1</nodeInstanceId>
    </org.drools.core.audit.event.RuleFlowNodeLogEvent>
    <org.drools.core.audit.event.RuleFlowNodeLogEvent>
      <type>26</type>
      <processId>org.formation.tp3.Subprocess</processId>
      <processName>Subprocess</processName>
      <processInstanceId class="long">2</processInstanceId>
      <nodeId>_4</nodeId>
      <nodeName>Gateway</nodeName>
      <nodeInstanceId>1</nodeInstanceId>
    </org.drools.core.audit.event.RuleFlowNodeLogEvent>
    <org.drools.core.audit.event.RuleFlowNodeLogEvent>
      <type>24</type>
      <processId>org.formation.tp3.Subprocess</processId>
      <processName>Subprocess</processName>
      <processInstanceId class="long">2</processInstanceId>
      <nodeId>_5</nodeId>
      <nodeName>Recherche incidents</nodeName>
      <nodeInstanceId>2</nodeInstanceId>
    </org.drools.core.audit.event.RuleFlowNodeLogEvent>
    <org.drools.core.audit.event.RuleFlowNodeLogEvent>
      <type>26</type>
      <processId>org.formation.tp3.Subprocess</processId>
      <processName>Subprocess</processName>
      <processInstanceId class="long">2</processInstanceId>
      <nodeId>_5</nodeId>
      <nodeName>Recherche incidents</nodeName>
      <nodeInstanceId>2</nodeInstanceId>
    </org.drools.core.audit.event.RuleFlowNodeLogEvent>
    <org.drools.core.audit.event.RuleFlowNodeLogEvent>
      <type>24</type>
      <processId>org.formation.tp3.Subprocess</processId>
      <processName>Subprocess</processName>
      <processInstanceId class="long">2</processInstanceId>
      <nodeId>_7</nodeId>
      <nodeName>Gateway</nodeName>
      <nodeInstanceId>4</nodeInstanceId>
    </org.drools.core.audit.event.RuleFlowNodeLogEvent>
    <org.drools.core.audit.event.RuleFlowNodeLogEvent>
      <type>25</type>
      <processId>org.formation.tp3.Subprocess</processId>
      <processName>Subprocess</processName>
      <processInstanceId class="long">2</processInstanceId>
      <nodeId>_7</nodeId>
      <nodeName>Gateway</nodeName>
      <nodeInstanceId>4</nodeInstanceId>
    </org.drools.core.audit.event.RuleFlowNodeLogEvent>
    <org.drools.core.audit.event.RuleFlowNodeLogEvent>
      <type>27</type>
      <processId>org.formation.tp3.Subprocess</processId>
      <processName>Subprocess</processName>
      <processInstanceId class="long">2</processInstanceId>
      <nodeId>_5</nodeId>
      <nodeName>Recherche incidents</nodeName>
      <nodeInstanceId>2</nodeInstanceId>
    </org.drools.core.audit.event.RuleFlowNodeLogEvent>
    <org.drools.core.audit.event.RuleFlowNodeLogEvent>
      <type>25</type>
      <processId>org.formation.tp3.Subprocess</processId>
      <processName>Subprocess</processName>
      <processInstanceId class="long">2</processInstanceId>
      <nodeId>_5</nodeId>
      <nodeName>Recherche incidents</nodeName>
      <nodeInstanceId>2</nodeInstanceId>
    </org.drools.core.audit.event.RuleFlowNodeLogEvent>
    <org.drools.core.audit.event.RuleFlowNodeLogEvent>
      <type>27</type>
      <processId>org.formation.tp3.Subprocess</processId>
      <processName>Subprocess</processName>
      <processInstanceId class="long">2</processInstanceId>
      <nodeId>_4</nodeId>
      <nodeName>Gateway</nodeName>
      <nodeInstanceId>1</nodeInstanceId>
    </org.drools.core.audit.event.RuleFlowNodeLogEvent>
    <org.drools.core.audit.event.RuleFlowNodeLogEvent>
      <type>26</type>
      <processId>org.formation.tp3.Subprocess</processId>
      <processName>Subprocess</processName>
      <processInstanceId class="long">2</processInstanceId>
      <nodeId>_4</nodeId>
      <nodeName>Gateway</nodeName>
      <nodeInstanceId>1</nodeInstanceId>
    </org.drools.core.audit.event.RuleFlowNodeLogEvent>
    <org.drools.core.audit.event.RuleFlowNodeLogEvent>
      <type>24</type>
      <processId>org.formation.tp3.Subprocess</processId>
      <processName>Subprocess</processName>
      <processInstanceId class="long">2</processInstanceId>
      <nodeId>_13</nodeId>
      <nodeName>Timer</nodeName>
      <nodeInstanceId>3</nodeInstanceId>
    </org.drools.core.audit.event.RuleFlowNodeLogEvent>
    <org.drools.core.audit.event.RuleFlowNodeLogEvent>
      <type>25</type>
      <processId>org.formation.tp3.Subprocess</processId>
      <processName>Subprocess</processName>
      <processInstanceId class="long">2</processInstanceId>
      <nodeId>_13</nodeId>
      <nodeName>Timer</nodeName>
      <nodeInstanceId>3</nodeInstanceId>
    </org.drools.core.audit.event.RuleFlowNodeLogEvent>
    <org.drools.core.audit.event.RuleFlowNodeLogEvent>
      <type>27</type>
      <processId>org.formation.tp3.Subprocess</processId>
      <processName>Subprocess</processName>
      <processInstanceId class="long">2</processInstanceId>
      <nodeId>_4</nodeId>
      <nodeName>Gateway</nodeName>
      <nodeInstanceId>1</nodeInstanceId>
    </org.drools.core.audit.event.RuleFlowNodeLogEvent>
    <org.drools.core.audit.event.RuleFlowNodeLogEvent>
      <type>25</type>
      <processId>org.formation.tp3.Subprocess</processId>
      <processName>Subprocess</processName>
      <processInstanceId class="long">2</processInstanceId>
      <nodeId>_4</nodeId>
      <nodeName>Gateway</nodeName>
      <nodeInstanceId>1</nodeInstanceId>
    </org.drools.core.audit.event.RuleFlowNodeLogEvent>
    <org.drools.core.audit.event.RuleFlowNodeLogEvent>
      <type>27</type>
      <processId>org.formation.tp3.Subprocess</processId>
      <processName>Subprocess</processName>
      <processInstanceId class="long">2</processInstanceId>
      <nodeId>_1</nodeId>
      <nodeName>StartProcess</nodeName>
      <nodeInstanceId>0</nodeInstanceId>
    </org.drools.core.audit.event.RuleFlowNodeLogEvent>
    <org.drools.core.audit.event.RuleFlowNodeLogEvent>
      <type>25</type>
      <processId>org.formation.tp3.Subprocess</processId>
      <processName>Subprocess</processName>
      <processInstanceId class="long">2</processInstanceId>
      <nodeId>_1</nodeId>
      <nodeName>StartProcess</nodeName>
      <nodeInstanceId>0</nodeInstanceId>
    </org.drools.core.audit.event.RuleFlowNodeLogEvent>
    <org.drools.core.audit.event.RuleFlowLogEvent>
      <type>9</type>
      <processId>org.formation.tp3.Subprocess</processId>
      <processName>Subprocess</processName>
      <processInstanceId class="long">2</processInstanceId>
    </org.drools.core.audit.event.RuleFlowLogEvent>
    <org.drools.core.audit.event.RuleFlowNodeLogEvent>
      <type>25</type>
      <processId>org.formation.tp3.Main</processId>
      <processName>Main</processName>
      <processInstanceId class="long">1</processInstanceId>
      <nodeId>CallActivity_1</nodeId>
      <nodeName>Sub-Process</nodeName>
      <nodeInstanceId>1</nodeInstanceId>
    </org.drools.core.audit.event.RuleFlowNodeLogEvent>
    <org.drools.core.audit.event.RuleFlowNodeLogEvent>
      <type>27</type>
      <processId>org.formation.tp3.Main</processId>
      <processName>Main</processName>
      <processInstanceId class="long">1</processInstanceId>
      <nodeId>_1</nodeId>
      <nodeName>StartProcess</nodeName>
      <nodeInstanceId>0</nodeInstanceId>
    </org.drools.core.audit.event.RuleFlowNodeLogEvent>
    <org.drools.core.audit.event.RuleFlowNodeLogEvent>
      <type>25</type>
      <processId>org.formation.tp3.Main</processId>
      <processName>Main</processName>
      <processInstanceId class="long">1</processInstanceId>
      <nodeId>_1</nodeId>
      <nodeName>StartProcess</nodeName>
      <nodeInstanceId>0</nodeInstanceId>
    </org.drools.core.audit.event.RuleFlowNodeLogEvent>
    <org.drools.core.audit.event.RuleFlowLogEvent>
      <type>9</type>
      <processId>org.formation.tp3.Main</processId>
      <processName>Main</processName>
      <processInstanceId class="long">1</processInstanceId>
    </org.drools.core.audit.event.RuleFlowLogEvent>
  </events>
</org.drools.core.audit.WorkingMemoryLog>
</object-stream>
<org.drools.core.audit.WorkingMemoryLog>
  <version>6.1</version>
  <events/>
</org.drools.core.audit.WorkingMemoryLog>
</object-stream>
